2024-12-02 08:55:21,034:INFO: Loading the datasets...
2024-12-02 08:56:01,069:INFO: Loading the datasets...
2024-12-02 08:56:46,492:INFO: Loading the datasets...
2024-12-02 08:57:26,495:INFO: Loading the datasets...
2024-12-02 08:58:35,977:INFO: Loading the datasets...
2024-12-02 09:06:12,782:INFO: Loading the datasets...
2024-12-02 09:07:31,901:INFO: Loading the datasets...
2024-12-02 09:45:02,652:INFO: Loading the datasets...
2024-12-02 09:49:07,823:INFO: Loading the datasets...
2024-12-02 09:50:03,457:INFO: Loading the datasets...
2024-12-02 10:00:14,535:INFO: Loading the datasets...
2024-12-02 10:00:36,794:INFO: Loading the datasets...
2024-12-02 10:01:10,521:INFO: Loading the datasets...
2024-12-02 10:01:27,526:INFO: Loading the datasets...
2024-12-02 10:04:38,437:INFO: Loading the datasets...
2024-12-02 10:05:03,912:INFO: Loading the datasets...
2024-12-02 10:06:06,300:INFO: Loading the datasets...
2024-12-02 10:07:09,629:INFO: Loading the datasets...
2024-12-02 10:07:29,884:INFO: Loading the datasets...
2024-12-02 10:08:30,322:INFO: Loading the datasets...
2024-12-02 10:10:46,168:INFO: Loading the datasets...
2024-12-02 10:22:39,194:INFO: Loading the datasets...
2024-12-02 10:23:06,974:INFO: Loading the datasets...
2024-12-02 10:23:32,948:INFO: Loading the datasets...
2024-12-02 10:24:41,211:INFO: Loading the datasets...
2024-12-02 10:25:42,151:INFO: Loading the datasets...
2024-12-02 10:26:08,579:INFO: Loading the datasets...
2024-12-02 10:49:52,643:INFO: Loading the datasets...
2024-12-02 10:50:51,461:INFO: Loading the datasets...
2024-12-02 10:54:20,970:INFO: Loading the datasets...
2024-12-02 10:54:54,650:INFO: Loading the datasets...
2024-12-02 10:57:29,301:INFO: Loading the datasets...
2024-12-02 10:58:24,988:INFO: Loading the datasets...
2024-12-02 11:02:24,908:INFO: Loading the datasets...
2024-12-02 11:02:47,132:INFO: Loading the datasets...
2024-12-02 11:03:57,537:INFO: Loading the datasets...
2024-12-02 11:04:54,851:INFO: Loading the datasets...
2024-12-02 11:05:33,528:INFO: Loading the datasets...
2024-12-02 11:07:54,761:INFO: Loading the datasets...
2024-12-02 11:08:42,438:INFO: Loading the datasets...
2024-12-02 11:09:44,034:INFO: Loading the datasets...
2024-12-02 11:10:07,262:INFO: Loading the datasets...
2024-12-02 11:10:29,433:INFO: Loading the datasets...
2024-12-02 11:20:01,711:INFO: Loading the datasets...
2024-12-02 11:21:06,604:INFO: Loading the datasets...
2024-12-02 16:25:27,978:INFO: Loading the datasets...
2024-12-02 16:25:28,046:INFO: - done.
2024-12-02 16:25:29,574:INFO: Starting training for 200 epoch(s)
2024-12-02 16:25:29,575:INFO: Epoch 1/200
2024-12-02 16:30:39,456:INFO: Loading the datasets...
2024-12-02 16:30:39,532:INFO: - done.
2024-12-02 16:30:40,971:INFO: Starting training for 200 epoch(s)
2024-12-02 16:30:40,972:INFO: Epoch 1/200
2024-12-02 16:32:04,344:INFO: Loading the datasets...
2024-12-02 16:32:04,428:INFO: - done.
2024-12-02 16:32:06,268:INFO: Starting training for 200 epoch(s)
2024-12-02 16:32:06,269:INFO: Epoch 1/200
2024-12-02 16:36:27,087:INFO: Loading the datasets...
2024-12-02 16:36:27,165:INFO: - done.
2024-12-02 16:37:08,747:INFO: Loading the datasets...
2024-12-02 16:37:08,822:INFO: - done.
2024-12-02 16:37:10,240:INFO: Starting training for 200 epoch(s)
2024-12-02 16:37:10,241:INFO: Epoch 1/200
2024-12-02 16:37:47,003:INFO: Loading the datasets...
2024-12-02 16:37:47,084:INFO: - done.
2024-12-02 16:37:48,583:INFO: Starting training for 200 epoch(s)
2024-12-02 16:37:48,583:INFO: Epoch 1/200
2024-12-02 16:40:50,612:INFO: Loading the datasets...
2024-12-02 16:40:50,655:INFO: - done.
2024-12-02 16:40:52,101:INFO: Starting training for 200 epoch(s)
2024-12-02 16:40:52,102:INFO: Epoch 1/200
2024-12-02 16:46:20,801:INFO: Loading the datasets...
2024-12-02 16:46:20,875:INFO: - done.
2024-12-02 16:51:10,070:INFO: Loading the datasets...
2024-12-02 16:51:10,113:INFO: - done.
2024-12-02 16:54:15,932:INFO: Loading the datasets...
2024-12-02 16:54:16,005:INFO: - done.
2024-12-02 16:54:17,537:INFO: Starting training for 200 epoch(s)
2024-12-02 16:54:17,547:INFO: Epoch 1/200
2024-12-02 16:55:08,843:INFO: Loading the datasets...
2024-12-02 16:55:08,917:INFO: - done.
2024-12-02 16:55:10,510:INFO: Starting training for 200 epoch(s)
2024-12-02 16:55:10,511:INFO: Epoch 1/200
2024-12-02 16:57:08,085:INFO: Loading the datasets...
2024-12-02 16:57:08,154:INFO: - done.
2024-12-02 16:57:10,464:INFO: Starting training for 200 epoch(s)
2024-12-02 16:57:10,465:INFO: Epoch 1/200
2024-12-02 17:01:45,832:INFO: Loading the datasets...
2024-12-02 17:01:45,875:INFO: - done.
2024-12-02 17:01:48,037:INFO: Starting training for 200 epoch(s)
2024-12-02 17:01:48,037:INFO: Epoch 1/200
2024-12-02 17:13:05,769:INFO: Loading the datasets...
2024-12-02 17:13:05,868:INFO: - done.
2024-12-02 17:13:07,783:INFO: Starting training for 200 epoch(s)
2024-12-02 17:13:07,783:INFO: Epoch 1/200
2024-12-02 17:17:26,455:INFO: Loading the datasets...
2024-12-02 17:17:26,555:INFO: - done.
2024-12-02 17:17:28,646:INFO: Starting training for 200 epoch(s)
2024-12-02 17:17:28,646:INFO: Epoch 1/200
2024-12-02 17:17:53,496:INFO: Loading the datasets...
2024-12-02 17:17:53,598:INFO: - done.
2024-12-02 17:17:55,088:INFO: Starting training for 200 epoch(s)
2024-12-02 17:17:55,088:INFO: Epoch 1/200
2024-12-02 17:18:41,192:INFO: Loading the datasets...
2024-12-02 17:18:41,294:INFO: - done.
2024-12-02 17:18:42,650:INFO: Starting training for 200 epoch(s)
2024-12-02 17:18:42,651:INFO: Epoch 1/200
2024-12-02 17:21:44,830:INFO: Loading the datasets...
2024-12-02 17:21:44,931:INFO: - done.
2024-12-02 17:21:44,931:INFO: Number of training samples: 12800
2024-12-02 17:21:44,931:INFO: Number of validation samples: 3200
2024-12-02 17:21:46,771:INFO: Starting training for 200 epoch(s)
2024-12-02 17:21:46,771:INFO: Epoch 1/200
2024-12-02 17:22:19,682:INFO: - Train metrics: accuracy: 0.250 ; loss: 1.357
2024-12-02 17:26:56,840:INFO: Loading the datasets...
2024-12-02 17:26:56,938:INFO: - done.
2024-12-02 17:26:56,938:INFO: Number of training samples: 12800
2024-12-02 17:26:56,938:INFO: Number of validation samples: 3200
2024-12-02 17:26:58,807:INFO: Starting training for 200 epoch(s)
2024-12-02 17:26:58,807:INFO: Epoch 1/200
2024-12-02 17:27:30,888:INFO: - Train metrics: accuracy: 0.250 ; loss: 1.357
2024-12-02 17:29:47,910:INFO: Loading the datasets...
2024-12-02 17:29:48,006:INFO: - done.
2024-12-02 17:29:48,006:INFO: Number of training samples: 12800
2024-12-02 17:29:48,006:INFO: Number of validation samples: 3200
2024-12-02 17:29:49,698:INFO: Starting training for 200 epoch(s)
2024-12-02 17:29:49,698:INFO: Epoch 1/200
2024-12-02 17:30:21,106:INFO: - Train metrics: accuracy: 0.250 ; loss: 1.357
2024-12-02 17:32:16,878:INFO: Loading the datasets...
2024-12-02 17:32:16,974:INFO: - done.
2024-12-02 17:32:16,974:INFO: Number of training samples: 12800
2024-12-02 17:32:16,974:INFO: Number of validation samples: 3200
2024-12-02 17:32:18,729:INFO: Starting training for 200 epoch(s)
2024-12-02 17:32:18,729:INFO: Epoch 1/200
2024-12-02 17:32:50,155:INFO: - Train metrics: accuracy: 0.250 ; loss: 1.357
2024-12-02 17:32:55,703:INFO: - Eval metrics : accuracy: 0.552 ; loss: 1.131
2024-12-02 17:32:56,373:INFO: - Found new best accuracy
2024-12-02 17:32:56,374:INFO: Epoch 2/200
2024-12-02 17:33:24,205:INFO: - Train metrics: accuracy: 0.641 ; loss: 0.987
2024-12-02 17:33:30,146:INFO: - Eval metrics : accuracy: 0.754 ; loss: 0.570
2024-12-02 17:33:30,826:INFO: - Found new best accuracy
2024-12-02 17:33:30,827:INFO: Epoch 3/200
2024-12-02 17:33:58,633:INFO: - Train metrics: accuracy: 0.789 ; loss: 0.544
2024-12-02 17:34:04,462:INFO: - Eval metrics : accuracy: 0.812 ; loss: 0.473
2024-12-02 17:34:05,654:INFO: - Found new best accuracy
2024-12-02 17:34:05,655:INFO: Epoch 4/200
2024-12-02 17:34:33,611:INFO: - Train metrics: accuracy: 0.883 ; loss: 0.341
2024-12-02 17:34:39,535:INFO: - Eval metrics : accuracy: 0.870 ; loss: 0.333
2024-12-02 17:34:40,205:INFO: - Found new best accuracy
2024-12-02 17:34:40,205:INFO: Epoch 5/200
2024-12-02 17:35:08,028:INFO: - Train metrics: accuracy: 0.883 ; loss: 0.276
2024-12-02 17:35:14,105:INFO: - Eval metrics : accuracy: 0.867 ; loss: 0.346
2024-12-02 17:35:14,574:INFO: Epoch 6/200
2024-12-02 17:35:42,596:INFO: - Train metrics: accuracy: 0.906 ; loss: 0.253
2024-12-02 17:35:48,694:INFO: - Eval metrics : accuracy: 0.871 ; loss: 0.341
2024-12-02 17:35:49,378:INFO: - Found new best accuracy
2024-12-02 17:35:49,379:INFO: Epoch 7/200
2024-12-02 17:36:17,356:INFO: - Train metrics: accuracy: 0.852 ; loss: 0.292
2024-12-02 17:36:23,791:INFO: - Eval metrics : accuracy: 0.929 ; loss: 0.201
2024-12-02 17:36:24,405:INFO: - Found new best accuracy
2024-12-02 17:36:24,406:INFO: Epoch 8/200
2024-12-02 17:36:52,378:INFO: - Train metrics: accuracy: 0.938 ; loss: 0.194
2024-12-02 17:36:58,752:INFO: - Eval metrics : accuracy: 0.931 ; loss: 0.189
2024-12-02 17:36:59,530:INFO: - Found new best accuracy
2024-12-02 17:36:59,530:INFO: Epoch 9/200
2024-12-02 17:37:27,521:INFO: - Train metrics: accuracy: 0.953 ; loss: 0.158
2024-12-02 17:37:33,805:INFO: - Eval metrics : accuracy: 0.955 ; loss: 0.136
2024-12-02 17:37:34,531:INFO: - Found new best accuracy
2024-12-02 17:37:34,532:INFO: Epoch 10/200
2024-12-02 17:38:02,562:INFO: - Train metrics: accuracy: 0.953 ; loss: 0.154
2024-12-02 17:38:09,118:INFO: - Eval metrics : accuracy: 0.959 ; loss: 0.125
2024-12-02 17:38:10,060:INFO: - Found new best accuracy
2024-12-02 17:38:10,062:INFO: Epoch 11/200
2024-12-02 17:38:38,999:INFO: - Train metrics: accuracy: 0.922 ; loss: 0.214
2024-12-02 17:38:45,149:INFO: - Eval metrics : accuracy: 0.919 ; loss: 0.197
2024-12-02 17:38:45,569:INFO: Epoch 12/200
2024-12-02 17:39:13,322:INFO: - Train metrics: accuracy: 0.914 ; loss: 0.212
2024-12-02 17:39:19,660:INFO: - Eval metrics : accuracy: 0.970 ; loss: 0.093
2024-12-02 17:39:20,379:INFO: - Found new best accuracy
2024-12-02 17:39:20,379:INFO: Epoch 13/200
2024-12-02 17:39:48,293:INFO: - Train metrics: accuracy: 0.945 ; loss: 0.129
2024-12-02 17:39:54,082:INFO: - Eval metrics : accuracy: 0.974 ; loss: 0.081
2024-12-02 17:39:54,803:INFO: - Found new best accuracy
2024-12-02 17:39:54,804:INFO: Epoch 14/200
2024-12-02 17:40:22,559:INFO: - Train metrics: accuracy: 0.945 ; loss: 0.117
2024-12-02 17:40:28,487:INFO: - Eval metrics : accuracy: 0.959 ; loss: 0.108
2024-12-02 17:40:28,890:INFO: Epoch 15/200
2024-12-02 17:40:56,664:INFO: - Train metrics: accuracy: 0.930 ; loss: 0.184
2024-12-02 17:41:02,780:INFO: - Eval metrics : accuracy: 0.975 ; loss: 0.076
2024-12-02 17:41:03,482:INFO: - Found new best accuracy
2024-12-02 17:41:03,483:INFO: Epoch 16/200
2024-12-02 17:41:31,332:INFO: - Train metrics: accuracy: 0.953 ; loss: 0.118
2024-12-02 17:41:37,347:INFO: - Eval metrics : accuracy: 0.970 ; loss: 0.084
2024-12-02 17:41:37,763:INFO: Epoch 17/200
2024-12-02 17:42:05,563:INFO: - Train metrics: accuracy: 0.977 ; loss: 0.069
2024-12-02 17:42:11,497:INFO: - Eval metrics : accuracy: 0.972 ; loss: 0.083
2024-12-02 17:42:11,927:INFO: Epoch 18/200
2024-12-02 17:42:39,721:INFO: - Train metrics: accuracy: 0.961 ; loss: 0.156
2024-12-02 17:42:45,826:INFO: - Eval metrics : accuracy: 0.986 ; loss: 0.051
2024-12-02 17:42:46,514:INFO: - Found new best accuracy
2024-12-02 17:42:46,514:INFO: Epoch 19/200
2024-12-02 17:43:14,332:INFO: - Train metrics: accuracy: 0.953 ; loss: 0.104
2024-12-02 17:43:20,270:INFO: - Eval metrics : accuracy: 0.983 ; loss: 0.055
2024-12-02 17:43:20,735:INFO: Epoch 20/200
2024-12-02 17:43:48,534:INFO: - Train metrics: accuracy: 0.984 ; loss: 0.052
2024-12-02 17:43:54,617:INFO: - Eval metrics : accuracy: 0.983 ; loss: 0.053
2024-12-02 17:43:55,070:INFO: Epoch 21/200
2024-12-02 17:44:22,852:INFO: - Train metrics: accuracy: 0.984 ; loss: 0.129
2024-12-02 17:44:28,516:INFO: - Eval metrics : accuracy: 0.980 ; loss: 0.056
2024-12-02 17:44:28,939:INFO: Epoch 22/200
2024-12-02 17:44:56,509:INFO: - Train metrics: accuracy: 0.977 ; loss: 0.077
2024-12-02 17:45:02,456:INFO: - Eval metrics : accuracy: 0.982 ; loss: 0.052
2024-12-02 17:45:02,911:INFO: Epoch 23/200
2024-12-02 17:45:30,720:INFO: - Train metrics: accuracy: 0.969 ; loss: 0.122
2024-12-02 17:45:36,666:INFO: - Eval metrics : accuracy: 0.983 ; loss: 0.050
2024-12-02 17:45:37,410:INFO: Epoch 24/200
2024-12-02 17:46:05,413:INFO: - Train metrics: accuracy: 0.961 ; loss: 0.144
2024-12-02 17:46:11,150:INFO: - Eval metrics : accuracy: 0.986 ; loss: 0.044
2024-12-02 17:46:12,006:INFO: - Found new best accuracy
2024-12-02 17:46:12,007:INFO: Epoch 25/200
2024-12-02 17:46:39,941:INFO: - Train metrics: accuracy: 0.992 ; loss: 0.025
2024-12-02 17:46:46,025:INFO: - Eval metrics : accuracy: 0.985 ; loss: 0.043
2024-12-02 17:46:46,490:INFO: Epoch 26/200
2024-12-02 17:47:14,609:INFO: - Train metrics: accuracy: 0.969 ; loss: 0.081
2024-12-02 17:47:20,662:INFO: - Eval metrics : accuracy: 0.985 ; loss: 0.043
2024-12-02 17:47:21,379:INFO: Epoch 27/200
2024-12-02 17:47:49,538:INFO: - Train metrics: accuracy: 0.961 ; loss: 0.069
2024-12-02 17:47:55,380:INFO: - Eval metrics : accuracy: 0.986 ; loss: 0.041
2024-12-02 17:47:55,799:INFO: Epoch 28/200
2024-12-02 17:48:23,666:INFO: - Train metrics: accuracy: 0.992 ; loss: 0.048
2024-12-02 17:48:29,608:INFO: - Eval metrics : accuracy: 0.990 ; loss: 0.038
2024-12-02 17:48:30,291:INFO: - Found new best accuracy
2024-12-02 17:48:30,292:INFO: Epoch 29/200
2024-12-02 17:48:58,068:INFO: - Train metrics: accuracy: 0.961 ; loss: 0.130
2024-12-02 17:49:03,942:INFO: - Eval metrics : accuracy: 0.988 ; loss: 0.036
2024-12-02 17:49:04,386:INFO: Epoch 30/200
2024-12-02 17:49:32,140:INFO: - Train metrics: accuracy: 0.977 ; loss: 0.063
2024-12-02 17:49:38,009:INFO: - Eval metrics : accuracy: 0.990 ; loss: 0.030
2024-12-02 17:49:39,108:INFO: - Found new best accuracy
2024-12-02 17:49:39,109:INFO: Epoch 31/200
2024-12-02 17:50:07,029:INFO: - Train metrics: accuracy: 0.961 ; loss: 0.131
2024-12-02 17:50:12,877:INFO: - Eval metrics : accuracy: 0.987 ; loss: 0.034
2024-12-02 17:50:13,305:INFO: Epoch 32/200
2024-12-02 17:50:41,101:INFO: - Train metrics: accuracy: 0.992 ; loss: 0.041
2024-12-02 17:50:47,050:INFO: - Eval metrics : accuracy: 0.988 ; loss: 0.035
2024-12-02 17:50:47,494:INFO: Epoch 33/200
2024-12-02 17:51:15,283:INFO: - Train metrics: accuracy: 0.969 ; loss: 0.079
2024-12-02 17:51:21,292:INFO: - Eval metrics : accuracy: 0.988 ; loss: 0.032
2024-12-02 17:51:22,085:INFO: Epoch 34/200
2024-12-02 17:51:50,302:INFO: - Train metrics: accuracy: 0.984 ; loss: 0.054
2024-12-02 17:51:56,109:INFO: - Eval metrics : accuracy: 0.989 ; loss: 0.033
2024-12-02 17:51:56,906:INFO: Epoch 35/200
2024-12-02 17:52:24,724:INFO: - Train metrics: accuracy: 0.977 ; loss: 0.077
2024-12-02 17:52:31,045:INFO: - Eval metrics : accuracy: 0.990 ; loss: 0.034
2024-12-02 17:52:31,440:INFO: Epoch 36/200
2024-12-02 17:52:59,241:INFO: - Train metrics: accuracy: 0.984 ; loss: 0.026
2024-12-02 17:53:05,252:INFO: - Eval metrics : accuracy: 0.991 ; loss: 0.029
2024-12-02 17:53:05,963:INFO: - Found new best accuracy
2024-12-02 17:53:05,963:INFO: Epoch 37/200
2024-12-02 17:53:33,768:INFO: - Train metrics: accuracy: 1.000 ; loss: 0.024
2024-12-02 17:53:39,603:INFO: - Eval metrics : accuracy: 0.989 ; loss: 0.030
2024-12-02 17:53:40,048:INFO: Epoch 38/200
2024-12-02 17:54:07,648:INFO: - Train metrics: accuracy: 0.977 ; loss: 0.039
2024-12-02 17:54:13,228:INFO: - Eval metrics : accuracy: 0.990 ; loss: 0.030
2024-12-02 17:54:13,654:INFO: Epoch 39/200
2024-12-02 17:54:41,367:INFO: - Train metrics: accuracy: 0.984 ; loss: 0.034
2024-12-02 17:54:47,108:INFO: - Eval metrics : accuracy: 0.990 ; loss: 0.028
2024-12-02 17:54:47,887:INFO: Epoch 40/200
2024-12-02 17:55:15,781:INFO: - Train metrics: accuracy: 0.992 ; loss: 0.049
2024-12-02 17:55:21,782:INFO: - Eval metrics : accuracy: 0.989 ; loss: 0.029
2024-12-02 17:55:22,212:INFO: Epoch 41/200
2024-12-02 17:55:49,962:INFO: - Train metrics: accuracy: 0.977 ; loss: 0.052
2024-12-02 17:55:55,684:INFO: - Eval metrics : accuracy: 0.990 ; loss: 0.026
2024-12-02 17:55:56,160:INFO: Epoch 42/200
2024-12-02 17:56:23,949:INFO: - Train metrics: accuracy: 0.961 ; loss: 0.091
2024-12-02 17:56:29,619:INFO: - Eval metrics : accuracy: 0.990 ; loss: 0.027
2024-12-02 17:56:30,311:INFO: Epoch 43/200
2024-12-02 17:56:58,441:INFO: - Train metrics: accuracy: 0.984 ; loss: 0.036
2024-12-02 17:57:04,454:INFO: - Eval metrics : accuracy: 0.989 ; loss: 0.026
2024-12-02 17:57:04,937:INFO: Epoch 44/200
2024-12-02 17:57:32,999:INFO: - Train metrics: accuracy: 0.969 ; loss: 0.054
2024-12-02 17:57:39,056:INFO: - Eval metrics : accuracy: 0.990 ; loss: 0.027
2024-12-02 17:57:39,526:INFO: Epoch 45/200
2024-12-02 17:58:07,460:INFO: - Train metrics: accuracy: 0.969 ; loss: 0.078
2024-12-02 17:58:13,845:INFO: - Eval metrics : accuracy: 0.989 ; loss: 0.028
2024-12-02 17:58:14,284:INFO: Epoch 46/200
2024-12-02 17:58:42,263:INFO: - Train metrics: accuracy: 1.000 ; loss: 0.016
2024-12-02 17:58:48,576:INFO: - Eval metrics : accuracy: 0.989 ; loss: 0.029
2024-12-02 17:58:48,996:INFO: Epoch 47/200
2024-12-02 17:59:17,032:INFO: - Train metrics: accuracy: 1.000 ; loss: 0.017
2024-12-02 17:59:23,627:INFO: - Eval metrics : accuracy: 0.990 ; loss: 0.026
2024-12-02 17:59:24,490:INFO: Epoch 48/200
2024-12-02 17:59:52,376:INFO: - Train metrics: accuracy: 0.984 ; loss: 0.050
2024-12-02 17:59:58,028:INFO: - Eval metrics : accuracy: 0.991 ; loss: 0.026
2024-12-02 17:59:58,465:INFO: Epoch 49/200
2024-12-02 18:00:26,288:INFO: - Train metrics: accuracy: 0.953 ; loss: 0.099
2024-12-02 18:00:32,204:INFO: - Eval metrics : accuracy: 0.990 ; loss: 0.026
2024-12-02 18:00:32,643:INFO: Epoch 50/200
2024-12-02 18:01:00,470:INFO: - Train metrics: accuracy: 0.984 ; loss: 0.060
2024-12-02 18:01:06,294:INFO: - Eval metrics : accuracy: 0.989 ; loss: 0.027
2024-12-02 18:01:07,036:INFO: Epoch 51/200
2024-12-02 18:01:35,030:INFO: - Train metrics: accuracy: 0.992 ; loss: 0.036
2024-12-02 18:01:41,478:INFO: - Eval metrics : accuracy: 0.990 ; loss: 0.026
2024-12-02 18:01:42,227:INFO: Epoch 52/200
2024-12-02 18:02:10,645:INFO: - Train metrics: accuracy: 0.992 ; loss: 0.055
2024-12-02 18:02:16,538:INFO: - Eval metrics : accuracy: 0.991 ; loss: 0.026
2024-12-02 18:02:17,260:INFO: - Found new best accuracy
2024-12-02 18:02:17,260:INFO: Epoch 53/200
2024-12-02 18:02:45,041:INFO: - Train metrics: accuracy: 1.000 ; loss: 0.031
2024-12-02 18:02:50,355:INFO: - Eval metrics : accuracy: 0.990 ; loss: 0.026
2024-12-02 18:02:51,140:INFO: Epoch 54/200
2024-12-02 18:03:18,740:INFO: - Train metrics: accuracy: 0.953 ; loss: 0.152
2024-12-02 18:03:24,785:INFO: - Eval metrics : accuracy: 0.988 ; loss: 0.028
2024-12-02 18:03:25,239:INFO: Epoch 55/200
2024-12-02 18:03:53,083:INFO: - Train metrics: accuracy: 0.992 ; loss: 0.022
2024-12-02 18:03:59,073:INFO: - Eval metrics : accuracy: 0.991 ; loss: 0.027
2024-12-02 18:03:59,531:INFO: Epoch 56/200
2024-12-02 18:04:27,302:INFO: - Train metrics: accuracy: 0.984 ; loss: 0.031
2024-12-02 18:04:33,181:INFO: - Eval metrics : accuracy: 0.991 ; loss: 0.025
2024-12-02 18:04:33,814:INFO: Epoch 57/200
2024-12-02 18:05:01,633:INFO: - Train metrics: accuracy: 0.984 ; loss: 0.029
2024-12-02 18:05:07,489:INFO: - Eval metrics : accuracy: 0.992 ; loss: 0.026
2024-12-02 18:05:08,171:INFO: - Found new best accuracy
2024-12-02 18:05:08,171:INFO: Epoch 58/200
2024-12-02 18:05:35,972:INFO: - Train metrics: accuracy: 0.992 ; loss: 0.033
2024-12-02 18:05:41,914:INFO: - Eval metrics : accuracy: 0.992 ; loss: 0.025
2024-12-02 18:05:42,613:INFO: - Found new best accuracy
2024-12-02 18:05:42,614:INFO: Epoch 59/200
2024-12-02 18:06:10,449:INFO: - Train metrics: accuracy: 0.992 ; loss: 0.029
2024-12-02 18:06:16,445:INFO: - Eval metrics : accuracy: 0.991 ; loss: 0.026
2024-12-02 18:06:17,202:INFO: Epoch 60/200
2024-12-02 18:06:45,461:INFO: - Train metrics: accuracy: 0.984 ; loss: 0.058
2024-12-02 18:06:51,626:INFO: - Eval metrics : accuracy: 0.992 ; loss: 0.026
2024-12-02 18:06:52,370:INFO: Epoch 61/200
2024-12-02 18:07:20,568:INFO: - Train metrics: accuracy: 0.992 ; loss: 0.029
2024-12-02 18:07:26,583:INFO: - Eval metrics : accuracy: 0.992 ; loss: 0.025
2024-12-02 18:07:27,050:INFO: Epoch 62/200
2024-12-02 18:07:54,826:INFO: - Train metrics: accuracy: 0.992 ; loss: 0.027
2024-12-02 18:08:00,891:INFO: - Eval metrics : accuracy: 0.993 ; loss: 0.025
2024-12-02 18:08:01,899:INFO: - Found new best accuracy
2024-12-02 18:08:01,900:INFO: Epoch 63/200
2024-12-02 18:08:30,018:INFO: - Train metrics: accuracy: 0.961 ; loss: 0.088
2024-12-02 18:08:35,902:INFO: - Eval metrics : accuracy: 0.991 ; loss: 0.025
2024-12-02 18:08:36,363:INFO: Epoch 64/200
2024-12-02 18:09:04,128:INFO: - Train metrics: accuracy: 0.977 ; loss: 0.076
2024-12-02 18:09:09,845:INFO: - Eval metrics : accuracy: 0.992 ; loss: 0.025
2024-12-02 18:09:10,443:INFO: Epoch 65/200
2024-12-02 18:09:38,362:INFO: - Train metrics: accuracy: 0.992 ; loss: 0.021
2024-12-02 18:09:44,190:INFO: - Eval metrics : accuracy: 0.991 ; loss: 0.026
2024-12-02 18:09:44,650:INFO: Epoch 66/200
2024-12-02 18:10:12,421:INFO: - Train metrics: accuracy: 0.992 ; loss: 0.029
2024-12-02 18:10:18,460:INFO: - Eval metrics : accuracy: 0.989 ; loss: 0.030
2024-12-02 18:10:18,895:INFO: Epoch 67/200
2024-12-02 18:10:46,874:INFO: - Train metrics: accuracy: 0.992 ; loss: 0.038
2024-12-02 18:10:52,840:INFO: - Eval metrics : accuracy: 0.991 ; loss: 0.026
2024-12-02 18:10:53,333:INFO: Epoch 68/200
2024-12-02 18:11:21,285:INFO: - Train metrics: accuracy: 0.992 ; loss: 0.043
2024-12-02 18:11:27,280:INFO: - Eval metrics : accuracy: 0.991 ; loss: 0.026
2024-12-02 18:11:27,713:INFO: Epoch 69/200
2024-12-02 18:11:55,533:INFO: - Train metrics: accuracy: 0.977 ; loss: 0.037
2024-12-02 18:12:01,444:INFO: - Eval metrics : accuracy: 0.987 ; loss: 0.035
2024-12-02 18:12:02,115:INFO: Epoch 70/200
2024-12-02 18:12:30,014:INFO: - Train metrics: accuracy: 0.969 ; loss: 0.063
2024-12-02 18:12:35,926:INFO: - Eval metrics : accuracy: 0.991 ; loss: 0.026
2024-12-02 18:12:36,384:INFO: Epoch 71/200
2024-12-02 18:13:04,184:INFO: - Train metrics: accuracy: 0.977 ; loss: 0.046
2024-12-02 18:13:10,093:INFO: - Eval metrics : accuracy: 0.993 ; loss: 0.025
2024-12-02 18:13:11,118:INFO: - Found new best accuracy
2024-12-02 18:13:11,119:INFO: Epoch 72/200
2024-12-02 18:13:39,187:INFO: - Train metrics: accuracy: 0.969 ; loss: 0.052
2024-12-02 18:13:45,171:INFO: - Eval metrics : accuracy: 0.993 ; loss: 0.024
2024-12-02 18:13:46,104:INFO: - Found new best accuracy
2024-12-02 18:13:46,105:INFO: Epoch 73/200
2024-12-02 18:14:14,057:INFO: - Train metrics: accuracy: 0.984 ; loss: 0.057
2024-12-02 18:14:19,953:INFO: - Eval metrics : accuracy: 0.985 ; loss: 0.043
2024-12-02 18:14:20,423:INFO: Epoch 74/200
2024-12-02 18:14:48,251:INFO: - Train metrics: accuracy: 0.977 ; loss: 0.071
2024-12-02 18:14:53,722:INFO: - Eval metrics : accuracy: 0.992 ; loss: 0.025
2024-12-02 18:14:54,182:INFO: Epoch 75/200
2024-12-02 18:15:21,817:INFO: - Train metrics: accuracy: 0.977 ; loss: 0.143
2024-12-02 18:15:27,904:INFO: - Eval metrics : accuracy: 0.988 ; loss: 0.035
2024-12-02 18:15:28,651:INFO: Epoch 76/200
2024-12-02 18:15:56,626:INFO: - Train metrics: accuracy: 0.969 ; loss: 0.078
2024-12-02 18:16:02,511:INFO: - Eval metrics : accuracy: 0.990 ; loss: 0.025
2024-12-02 18:16:02,993:INFO: Epoch 77/200
2024-12-02 18:16:30,925:INFO: - Train metrics: accuracy: 0.977 ; loss: 0.075
2024-12-02 18:16:36,823:INFO: - Eval metrics : accuracy: 0.985 ; loss: 0.045
2024-12-02 18:16:37,288:INFO: Epoch 78/200
2024-12-02 18:17:05,210:INFO: - Train metrics: accuracy: 0.992 ; loss: 0.027
2024-12-02 18:17:11,133:INFO: - Eval metrics : accuracy: 0.989 ; loss: 0.034
2024-12-02 18:17:11,590:INFO: Epoch 79/200
2024-12-02 18:17:39,343:INFO: - Train metrics: accuracy: 0.969 ; loss: 0.092
2024-12-02 18:17:45,141:INFO: - Eval metrics : accuracy: 0.992 ; loss: 0.024
2024-12-02 18:17:45,601:INFO: Epoch 80/200
2024-12-02 18:18:13,412:INFO: - Train metrics: accuracy: 0.992 ; loss: 0.021
2024-12-02 18:18:19,367:INFO: - Eval metrics : accuracy: 0.990 ; loss: 0.027
2024-12-02 18:18:19,801:INFO: Epoch 81/200
2024-12-02 18:18:47,929:INFO: - Train metrics: accuracy: 0.977 ; loss: 0.059
2024-12-02 18:18:53,724:INFO: - Eval metrics : accuracy: 0.991 ; loss: 0.027
2024-12-02 18:18:54,185:INFO: Epoch 82/200
2024-12-02 18:19:22,132:INFO: - Train metrics: accuracy: 0.969 ; loss: 0.067
2024-12-02 18:19:28,183:INFO: - Eval metrics : accuracy: 0.987 ; loss: 0.032
2024-12-02 18:19:28,625:INFO: Epoch 83/200
2024-12-02 18:19:56,404:INFO: - Train metrics: accuracy: 1.000 ; loss: 0.027
2024-12-02 18:20:02,332:INFO: - Eval metrics : accuracy: 0.986 ; loss: 0.038
2024-12-02 18:20:03,128:INFO: Epoch 84/200
2024-12-02 18:20:31,140:INFO: - Train metrics: accuracy: 0.992 ; loss: 0.031
2024-12-02 18:20:37,217:INFO: - Eval metrics : accuracy: 0.991 ; loss: 0.026
2024-12-02 18:20:37,878:INFO: Epoch 85/200
2024-12-02 18:21:05,895:INFO: - Train metrics: accuracy: 0.992 ; loss: 0.020
2024-12-02 18:21:11,896:INFO: - Eval metrics : accuracy: 0.991 ; loss: 0.025
2024-12-02 18:21:12,657:INFO: Epoch 86/200
2024-12-02 18:21:40,624:INFO: - Train metrics: accuracy: 1.000 ; loss: 0.012
2024-12-02 18:21:46,375:INFO: - Eval metrics : accuracy: 0.991 ; loss: 0.027
2024-12-02 18:21:46,839:INFO: Epoch 87/200
2024-12-02 18:22:14,553:INFO: - Train metrics: accuracy: 0.977 ; loss: 0.047
2024-12-02 18:22:20,495:INFO: - Eval metrics : accuracy: 0.984 ; loss: 0.042
2024-12-02 18:22:20,953:INFO: Epoch 88/200
2024-12-02 18:22:48,624:INFO: - Train metrics: accuracy: 0.969 ; loss: 0.047
2024-12-02 18:22:54,572:INFO: - Eval metrics : accuracy: 0.988 ; loss: 0.037
2024-12-02 18:22:55,334:INFO: Epoch 89/200
2024-12-02 18:23:23,341:INFO: - Train metrics: accuracy: 0.969 ; loss: 0.102
2024-12-02 18:23:29,318:INFO: - Eval metrics : accuracy: 0.988 ; loss: 0.031
2024-12-02 18:23:29,871:INFO: Epoch 90/200
2024-12-02 18:23:57,881:INFO: - Train metrics: accuracy: 0.977 ; loss: 0.058
2024-12-02 18:24:03,875:INFO: - Eval metrics : accuracy: 0.991 ; loss: 0.022
2024-12-02 18:24:04,582:INFO: Epoch 91/200
2024-12-02 18:24:32,554:INFO: - Train metrics: accuracy: 0.984 ; loss: 0.030
2024-12-02 18:24:38,619:INFO: - Eval metrics : accuracy: 0.993 ; loss: 0.019
2024-12-02 18:24:39,607:INFO: - Found new best accuracy
2024-12-02 18:24:39,608:INFO: Epoch 92/200
2024-12-02 18:25:07,520:INFO: - Train metrics: accuracy: 0.977 ; loss: 0.036
2024-12-02 18:25:13,255:INFO: - Eval metrics : accuracy: 0.989 ; loss: 0.028
2024-12-02 18:25:13,699:INFO: Epoch 93/200
2024-12-02 18:25:41,460:INFO: - Train metrics: accuracy: 0.992 ; loss: 0.034
2024-12-02 18:25:47,462:INFO: - Eval metrics : accuracy: 0.979 ; loss: 0.057
2024-12-02 18:25:47,921:INFO: Epoch 94/200
2024-12-02 18:26:15,853:INFO: - Train metrics: accuracy: 0.984 ; loss: 0.057
2024-12-02 18:26:21,817:INFO: - Eval metrics : accuracy: 0.990 ; loss: 0.028
2024-12-02 18:26:22,279:INFO: Epoch 95/200
2024-12-02 18:26:50,096:INFO: - Train metrics: accuracy: 0.984 ; loss: 0.032
2024-12-02 18:26:56,046:INFO: - Eval metrics : accuracy: 0.991 ; loss: 0.023
2024-12-02 18:26:56,504:INFO: Epoch 96/200
2024-12-02 18:27:24,482:INFO: - Train metrics: accuracy: 0.992 ; loss: 0.017
2024-12-02 18:27:30,667:INFO: - Eval metrics : accuracy: 0.994 ; loss: 0.017
2024-12-02 18:27:31,393:INFO: - Found new best accuracy
2024-12-02 18:27:31,393:INFO: Epoch 97/200
2024-12-02 18:27:59,188:INFO: - Train metrics: accuracy: 0.977 ; loss: 0.050
2024-12-02 18:28:05,106:INFO: - Eval metrics : accuracy: 0.986 ; loss: 0.032
2024-12-02 18:28:05,868:INFO: Epoch 98/200
2024-12-02 18:28:33,942:INFO: - Train metrics: accuracy: 1.000 ; loss: 0.018
2024-12-02 18:28:39,996:INFO: - Eval metrics : accuracy: 0.985 ; loss: 0.037
2024-12-02 18:28:40,444:INFO: Epoch 99/200
2024-12-02 18:29:08,355:INFO: - Train metrics: accuracy: 0.969 ; loss: 0.112
2024-12-02 18:29:14,373:INFO: - Eval metrics : accuracy: 0.991 ; loss: 0.025
2024-12-02 18:29:14,874:INFO: Epoch 100/200
2024-12-02 18:29:42,861:INFO: - Train metrics: accuracy: 0.992 ; loss: 0.027
2024-12-02 18:29:49,118:INFO: - Eval metrics : accuracy: 0.990 ; loss: 0.021
2024-12-02 18:29:49,587:INFO: Epoch 101/200
2024-12-02 18:30:17,513:INFO: - Train metrics: accuracy: 0.969 ; loss: 0.081
2024-12-02 18:30:23,577:INFO: - Eval metrics : accuracy: 0.991 ; loss: 0.027
2024-12-02 18:30:24,023:INFO: Epoch 102/200
2024-12-02 18:30:51,900:INFO: - Train metrics: accuracy: 1.000 ; loss: 0.010
2024-12-02 18:30:57,912:INFO: - Eval metrics : accuracy: 0.976 ; loss: 0.070
2024-12-02 18:30:58,377:INFO: Epoch 103/200
2024-12-02 18:31:26,186:INFO: - Train metrics: accuracy: 1.000 ; loss: 0.021
2024-12-02 18:31:32,344:INFO: - Eval metrics : accuracy: 0.992 ; loss: 0.024
2024-12-02 18:31:32,792:INFO: Epoch 104/200
2024-12-02 18:32:00,647:INFO: - Train metrics: accuracy: 0.992 ; loss: 0.021
2024-12-02 18:32:06,346:INFO: - Eval metrics : accuracy: 0.990 ; loss: 0.027
2024-12-02 18:32:06,794:INFO: Epoch 105/200
2024-12-02 18:32:34,597:INFO: - Train metrics: accuracy: 0.992 ; loss: 0.070
2024-12-02 18:32:40,531:INFO: - Eval metrics : accuracy: 0.991 ; loss: 0.030
2024-12-02 18:32:40,973:INFO: Epoch 106/200
2024-12-02 18:33:08,640:INFO: - Train metrics: accuracy: 0.992 ; loss: 0.027
2024-12-02 18:33:14,555:INFO: - Eval metrics : accuracy: 0.993 ; loss: 0.023
2024-12-02 18:33:14,991:INFO: Epoch 107/200
2024-12-02 18:33:42,806:INFO: - Train metrics: accuracy: 0.992 ; loss: 0.025
2024-12-02 18:33:48,824:INFO: - Eval metrics : accuracy: 0.991 ; loss: 0.024
2024-12-02 18:33:49,263:INFO: Epoch 108/200
2024-12-02 18:34:17,110:INFO: - Train metrics: accuracy: 0.961 ; loss: 0.104
2024-12-02 18:34:23,184:INFO: - Eval metrics : accuracy: 0.992 ; loss: 0.020
2024-12-02 18:34:23,651:INFO: Epoch 109/200
2024-12-02 18:34:51,588:INFO: - Train metrics: accuracy: 0.984 ; loss: 0.026
2024-12-02 18:34:57,516:INFO: - Eval metrics : accuracy: 0.995 ; loss: 0.014
2024-12-02 18:34:58,429:INFO: - Found new best accuracy
2024-12-02 18:34:58,431:INFO: Epoch 110/200
2024-12-02 18:35:26,453:INFO: - Train metrics: accuracy: 0.984 ; loss: 0.049
2024-12-02 18:35:32,345:INFO: - Eval metrics : accuracy: 0.993 ; loss: 0.022
2024-12-02 18:35:32,765:INFO: Epoch 111/200
2024-12-02 18:36:00,599:INFO: - Train metrics: accuracy: 0.992 ; loss: 0.024
2024-12-02 18:36:06,513:INFO: - Eval metrics : accuracy: 0.993 ; loss: 0.019
2024-12-02 18:36:06,957:INFO: Epoch 112/200
2024-12-02 18:36:34,966:INFO: - Train metrics: accuracy: 0.992 ; loss: 0.013
2024-12-02 18:36:40,985:INFO: - Eval metrics : accuracy: 0.996 ; loss: 0.012
2024-12-02 18:36:41,719:INFO: - Found new best accuracy
2024-12-02 18:36:41,719:INFO: Epoch 113/200
2024-12-02 18:37:09,586:INFO: - Train metrics: accuracy: 0.984 ; loss: 0.055
2024-12-02 18:37:15,611:INFO: - Eval metrics : accuracy: 0.994 ; loss: 0.014
2024-12-02 18:37:16,039:INFO: Epoch 114/200
2024-12-02 18:37:43,945:INFO: - Train metrics: accuracy: 0.992 ; loss: 0.015
2024-12-02 18:37:50,024:INFO: - Eval metrics : accuracy: 0.993 ; loss: 0.020
2024-12-02 18:37:50,737:INFO: Epoch 115/200
2024-12-02 18:38:19,146:INFO: - Train metrics: accuracy: 0.984 ; loss: 0.036
2024-12-02 18:38:25,338:INFO: - Eval metrics : accuracy: 0.994 ; loss: 0.016
2024-12-02 18:38:26,061:INFO: Epoch 116/200
2024-12-02 18:38:54,311:INFO: - Train metrics: accuracy: 0.992 ; loss: 0.016
2024-12-02 18:39:00,286:INFO: - Eval metrics : accuracy: 0.994 ; loss: 0.013
2024-12-02 18:39:01,010:INFO: Epoch 117/200
2024-12-02 18:39:29,009:INFO: - Train metrics: accuracy: 0.984 ; loss: 0.025
2024-12-02 18:39:34,946:INFO: - Eval metrics : accuracy: 0.996 ; loss: 0.012
2024-12-02 18:39:35,583:INFO: Epoch 118/200
2024-12-02 18:40:03,575:INFO: - Train metrics: accuracy: 0.992 ; loss: 0.044
2024-12-02 18:40:09,324:INFO: - Eval metrics : accuracy: 0.996 ; loss: 0.011
2024-12-02 18:40:09,970:INFO: - Found new best accuracy
2024-12-02 18:40:09,971:INFO: Epoch 119/200
2024-12-02 18:40:37,722:INFO: - Train metrics: accuracy: 1.000 ; loss: 0.006
2024-12-02 18:40:43,822:INFO: - Eval metrics : accuracy: 0.995 ; loss: 0.015
2024-12-02 18:40:44,520:INFO: Epoch 120/200
2024-12-02 18:41:12,495:INFO: - Train metrics: accuracy: 0.969 ; loss: 0.063
2024-12-02 18:41:17,967:INFO: - Eval metrics : accuracy: 0.995 ; loss: 0.015
2024-12-02 18:41:18,396:INFO: Epoch 121/200
2024-12-02 18:41:46,554:INFO: - Train metrics: accuracy: 0.984 ; loss: 0.035
2024-12-02 18:41:52,501:INFO: - Eval metrics : accuracy: 0.997 ; loss: 0.010
2024-12-02 18:41:53,193:INFO: - Found new best accuracy
2024-12-02 18:41:53,193:INFO: Epoch 122/200
2024-12-02 18:42:20,929:INFO: - Train metrics: accuracy: 0.984 ; loss: 0.034
2024-12-02 18:42:26,973:INFO: - Eval metrics : accuracy: 0.997 ; loss: 0.010
2024-12-02 18:42:27,648:INFO: - Found new best accuracy
2024-12-02 18:42:27,649:INFO: Epoch 123/200
2024-12-02 18:42:55,366:INFO: - Train metrics: accuracy: 1.000 ; loss: 0.009
2024-12-02 18:43:01,452:INFO: - Eval metrics : accuracy: 0.994 ; loss: 0.013
2024-12-02 18:43:02,191:INFO: Epoch 124/200
2024-12-02 18:43:30,075:INFO: - Train metrics: accuracy: 1.000 ; loss: 0.004
2024-12-02 18:43:35,910:INFO: - Eval metrics : accuracy: 0.997 ; loss: 0.010
2024-12-02 18:43:36,793:INFO: - Found new best accuracy
2024-12-02 18:43:36,794:INFO: Epoch 125/200
2024-12-02 18:44:04,782:INFO: - Train metrics: accuracy: 1.000 ; loss: 0.017
2024-12-02 18:44:10,644:INFO: - Eval metrics : accuracy: 0.995 ; loss: 0.014
2024-12-02 18:44:11,079:INFO: Epoch 126/200
2024-12-02 18:44:39,006:INFO: - Train metrics: accuracy: 1.000 ; loss: 0.013
2024-12-02 18:44:44,912:INFO: - Eval metrics : accuracy: 0.996 ; loss: 0.013
2024-12-02 18:44:45,462:INFO: Epoch 127/200
2024-12-02 18:45:13,622:INFO: - Train metrics: accuracy: 1.000 ; loss: 0.004
2024-12-02 18:45:19,662:INFO: - Eval metrics : accuracy: 0.997 ; loss: 0.010
2024-12-02 18:45:20,346:INFO: - Found new best accuracy
2024-12-02 18:45:20,347:INFO: Epoch 128/200
2024-12-02 18:45:48,148:INFO: - Train metrics: accuracy: 0.984 ; loss: 0.027
2024-12-02 18:45:54,073:INFO: - Eval metrics : accuracy: 0.998 ; loss: 0.008
2024-12-02 18:45:54,747:INFO: - Found new best accuracy
2024-12-02 18:45:54,747:INFO: Epoch 129/200
2024-12-02 18:46:22,470:INFO: - Train metrics: accuracy: 0.992 ; loss: 0.046
2024-12-02 18:46:28,427:INFO: - Eval metrics : accuracy: 0.997 ; loss: 0.010
2024-12-02 18:46:28,872:INFO: Epoch 130/200
2024-12-02 18:46:56,804:INFO: - Train metrics: accuracy: 0.992 ; loss: 0.027
2024-12-02 18:47:02,840:INFO: - Eval metrics : accuracy: 0.998 ; loss: 0.009
2024-12-02 18:47:03,518:INFO: - Found new best accuracy
2024-12-02 18:47:03,518:INFO: Epoch 131/200
2024-12-02 18:47:31,357:INFO: - Train metrics: accuracy: 1.000 ; loss: 0.006
2024-12-02 18:47:37,532:INFO: - Eval metrics : accuracy: 0.998 ; loss: 0.009
2024-12-02 18:47:37,968:INFO: Epoch 132/200
2024-12-02 18:48:05,757:INFO: - Train metrics: accuracy: 1.000 ; loss: 0.006
2024-12-02 18:48:11,627:INFO: - Eval metrics : accuracy: 0.996 ; loss: 0.009
2024-12-02 18:48:12,298:INFO: Epoch 133/200
2024-12-02 18:48:40,411:INFO: - Train metrics: accuracy: 0.992 ; loss: 0.048
2024-12-02 18:48:46,366:INFO: - Eval metrics : accuracy: 0.998 ; loss: 0.008
2024-12-02 18:48:47,058:INFO: - Found new best accuracy
2024-12-02 18:48:47,059:INFO: Epoch 134/200
2024-12-02 18:49:14,855:INFO: - Train metrics: accuracy: 1.000 ; loss: 0.011
2024-12-02 18:49:20,801:INFO: - Eval metrics : accuracy: 0.998 ; loss: 0.008
2024-12-02 18:49:21,453:INFO: Epoch 135/200
2024-12-02 18:49:49,439:INFO: - Train metrics: accuracy: 0.992 ; loss: 0.018
2024-12-02 18:49:55,551:INFO: - Eval metrics : accuracy: 0.998 ; loss: 0.010
2024-12-02 18:49:56,266:INFO: Epoch 136/200
2024-12-02 18:50:24,183:INFO: - Train metrics: accuracy: 0.992 ; loss: 0.016
2024-12-02 18:50:30,213:INFO: - Eval metrics : accuracy: 0.997 ; loss: 0.010
2024-12-02 18:50:30,897:INFO: Epoch 137/200
2024-12-02 18:50:58,960:INFO: - Train metrics: accuracy: 1.000 ; loss: 0.005
2024-12-02 18:51:05,119:INFO: - Eval metrics : accuracy: 0.998 ; loss: 0.008
2024-12-02 18:51:05,880:INFO: Epoch 138/200
2024-12-02 18:51:33,855:INFO: - Train metrics: accuracy: 1.000 ; loss: 0.002
2024-12-02 18:51:39,958:INFO: - Eval metrics : accuracy: 0.998 ; loss: 0.008
2024-12-02 18:51:40,742:INFO: Epoch 139/200
2024-12-02 18:52:08,666:INFO: - Train metrics: accuracy: 0.992 ; loss: 0.012
2024-12-02 18:52:14,712:INFO: - Eval metrics : accuracy: 0.998 ; loss: 0.008
2024-12-02 18:52:15,460:INFO: Epoch 140/200
2024-12-02 18:52:43,356:INFO: - Train metrics: accuracy: 0.992 ; loss: 0.013
2024-12-02 18:52:49,285:INFO: - Eval metrics : accuracy: 0.999 ; loss: 0.007
2024-12-02 18:52:50,013:INFO: - Found new best accuracy
2024-12-02 18:52:50,014:INFO: Epoch 141/200
2024-12-02 18:53:17,823:INFO: - Train metrics: accuracy: 1.000 ; loss: 0.007
2024-12-02 18:53:23,813:INFO: - Eval metrics : accuracy: 0.999 ; loss: 0.007
2024-12-02 18:53:24,501:INFO: - Found new best accuracy
2024-12-02 18:53:24,502:INFO: Epoch 142/200
2024-12-02 18:53:52,363:INFO: - Train metrics: accuracy: 1.000 ; loss: 0.004
2024-12-02 18:53:58,313:INFO: - Eval metrics : accuracy: 0.998 ; loss: 0.008
2024-12-02 18:53:58,743:INFO: Epoch 143/200
2024-12-02 18:54:26,457:INFO: - Train metrics: accuracy: 0.977 ; loss: 0.072
2024-12-02 18:54:32,521:INFO: - Eval metrics : accuracy: 0.998 ; loss: 0.008
2024-12-02 18:54:32,982:INFO: Epoch 144/200
2024-12-02 18:55:00,820:INFO: - Train metrics: accuracy: 0.984 ; loss: 0.026
2024-12-02 18:55:06,694:INFO: - Eval metrics : accuracy: 0.998 ; loss: 0.008
2024-12-02 18:55:07,149:INFO: Epoch 145/200
2024-12-02 18:55:34,868:INFO: - Train metrics: accuracy: 1.000 ; loss: 0.004
2024-12-02 18:55:40,664:INFO: - Eval metrics : accuracy: 0.998 ; loss: 0.008
2024-12-02 18:55:41,111:INFO: Epoch 146/200
2024-12-02 18:56:08,673:INFO: - Train metrics: accuracy: 0.984 ; loss: 0.023
2024-12-02 18:56:14,312:INFO: - Eval metrics : accuracy: 0.998 ; loss: 0.009
2024-12-02 18:56:14,736:INFO: Epoch 147/200
2024-12-02 18:56:42,358:INFO: - Train metrics: accuracy: 1.000 ; loss: 0.002
2024-12-02 18:56:48,058:INFO: - Eval metrics : accuracy: 0.998 ; loss: 0.008
2024-12-02 18:56:48,478:INFO: Epoch 148/200
2024-12-02 18:57:16,202:INFO: - Train metrics: accuracy: 0.984 ; loss: 0.034
2024-12-02 18:57:22,163:INFO: - Eval metrics : accuracy: 0.998 ; loss: 0.008
2024-12-02 18:57:22,584:INFO: Epoch 149/200
2024-12-02 18:57:50,334:INFO: - Train metrics: accuracy: 1.000 ; loss: 0.015
2024-12-02 18:57:56,002:INFO: - Eval metrics : accuracy: 0.998 ; loss: 0.007
2024-12-02 18:57:56,450:INFO: Epoch 150/200
2024-12-02 18:58:24,204:INFO: - Train metrics: accuracy: 0.992 ; loss: 0.060
2024-12-02 18:58:30,316:INFO: - Eval metrics : accuracy: 0.997 ; loss: 0.009
2024-12-02 18:58:30,766:INFO: Epoch 151/200
2024-12-02 18:58:58,601:INFO: - Train metrics: accuracy: 0.992 ; loss: 0.030
2024-12-02 18:59:04,452:INFO: - Eval metrics : accuracy: 0.998 ; loss: 0.008
2024-12-02 18:59:04,880:INFO: Epoch 152/200
2024-12-02 18:59:32,690:INFO: - Train metrics: accuracy: 0.992 ; loss: 0.046
2024-12-02 18:59:38,678:INFO: - Eval metrics : accuracy: 0.998 ; loss: 0.008
2024-12-02 18:59:39,102:INFO: Epoch 153/200
2024-12-02 19:00:06,870:INFO: - Train metrics: accuracy: 0.992 ; loss: 0.022
2024-12-02 19:00:12,771:INFO: - Eval metrics : accuracy: 0.998 ; loss: 0.007
2024-12-02 19:00:13,216:INFO: Epoch 154/200
2024-12-02 19:00:41,043:INFO: - Train metrics: accuracy: 0.984 ; loss: 0.036
2024-12-02 19:00:46,936:INFO: - Eval metrics : accuracy: 0.998 ; loss: 0.008
2024-12-02 19:00:47,599:INFO: Epoch 155/200
2024-12-02 19:01:15,390:INFO: - Train metrics: accuracy: 1.000 ; loss: 0.004
2024-12-02 19:01:21,016:INFO: - Eval metrics : accuracy: 0.998 ; loss: 0.008
2024-12-02 19:01:21,437:INFO: Epoch 156/200
2024-12-02 19:01:49,255:INFO: - Train metrics: accuracy: 1.000 ; loss: 0.005
2024-12-02 19:01:55,202:INFO: - Eval metrics : accuracy: 0.998 ; loss: 0.008
2024-12-02 19:01:55,655:INFO: Epoch 157/200
2024-12-02 19:02:23,426:INFO: - Train metrics: accuracy: 0.992 ; loss: 0.039
2024-12-02 19:02:29,435:INFO: - Eval metrics : accuracy: 0.998 ; loss: 0.007
2024-12-02 19:02:29,869:INFO: Epoch 158/200
2024-12-02 19:02:57,668:INFO: - Train metrics: accuracy: 0.992 ; loss: 0.015
2024-12-02 19:03:03,492:INFO: - Eval metrics : accuracy: 0.998 ; loss: 0.008
2024-12-02 19:03:04,194:INFO: Epoch 159/200
2024-12-02 19:03:31,914:INFO: - Train metrics: accuracy: 0.992 ; loss: 0.013
2024-12-02 19:03:38,234:INFO: - Eval metrics : accuracy: 0.997 ; loss: 0.008
2024-12-02 19:03:38,629:INFO: Epoch 160/200
2024-12-02 19:04:06,259:INFO: - Train metrics: accuracy: 0.992 ; loss: 0.013
2024-12-02 19:04:12,173:INFO: - Eval metrics : accuracy: 0.998 ; loss: 0.007
2024-12-02 19:04:12,600:INFO: Epoch 161/200
2024-12-02 19:04:40,397:INFO: - Train metrics: accuracy: 1.000 ; loss: 0.002
2024-12-02 19:04:46,390:INFO: - Eval metrics : accuracy: 0.998 ; loss: 0.008
2024-12-02 19:04:46,833:INFO: Epoch 162/200
2024-12-02 19:05:14,618:INFO: - Train metrics: accuracy: 0.984 ; loss: 0.022
2024-12-02 19:05:20,495:INFO: - Eval metrics : accuracy: 0.997 ; loss: 0.010
2024-12-02 19:05:20,957:INFO: Epoch 163/200
2024-12-02 19:05:48,632:INFO: - Train metrics: accuracy: 0.992 ; loss: 0.012
2024-12-02 19:05:54,147:INFO: - Eval metrics : accuracy: 0.998 ; loss: 0.008
2024-12-02 19:05:54,734:INFO: Epoch 164/200
2024-12-02 19:06:22,562:INFO: - Train metrics: accuracy: 0.992 ; loss: 0.020
2024-12-02 19:06:28,377:INFO: - Eval metrics : accuracy: 0.998 ; loss: 0.008
2024-12-02 19:06:28,836:INFO: Epoch 165/200
2024-12-02 19:06:56,484:INFO: - Train metrics: accuracy: 0.992 ; loss: 0.019
2024-12-02 19:07:02,373:INFO: - Eval metrics : accuracy: 0.999 ; loss: 0.007
2024-12-02 19:07:02,997:INFO: Epoch 166/200
2024-12-02 19:07:30,948:INFO: - Train metrics: accuracy: 0.992 ; loss: 0.013
2024-12-02 19:07:36,717:INFO: - Eval metrics : accuracy: 0.998 ; loss: 0.009
2024-12-02 19:07:37,407:INFO: Epoch 167/200
2024-12-02 19:08:05,153:INFO: - Train metrics: accuracy: 1.000 ; loss: 0.009
2024-12-02 19:08:11,021:INFO: - Eval metrics : accuracy: 0.998 ; loss: 0.009
2024-12-02 19:08:11,437:INFO: Epoch 168/200
2024-12-02 19:08:39,188:INFO: - Train metrics: accuracy: 0.984 ; loss: 0.029
2024-12-02 19:08:44,980:INFO: - Eval metrics : accuracy: 0.998 ; loss: 0.008
2024-12-02 19:08:45,437:INFO: Epoch 169/200
2024-12-02 19:09:13,228:INFO: - Train metrics: accuracy: 0.992 ; loss: 0.037
2024-12-02 19:09:19,485:INFO: - Eval metrics : accuracy: 0.998 ; loss: 0.008
2024-12-02 19:09:20,007:INFO: Epoch 170/200
2024-12-02 19:09:48,003:INFO: - Train metrics: accuracy: 1.000 ; loss: 0.011
2024-12-02 19:09:53,910:INFO: - Eval metrics : accuracy: 0.997 ; loss: 0.009
2024-12-02 19:09:54,426:INFO: Epoch 171/200
2024-12-02 19:10:22,325:INFO: - Train metrics: accuracy: 0.992 ; loss: 0.010
2024-12-02 19:10:28,350:INFO: - Eval metrics : accuracy: 0.998 ; loss: 0.007
2024-12-02 19:10:29,098:INFO: Epoch 172/200
2024-12-02 19:10:57,076:INFO: - Train metrics: accuracy: 0.992 ; loss: 0.010
2024-12-02 19:11:03,084:INFO: - Eval metrics : accuracy: 0.998 ; loss: 0.008
2024-12-02 19:11:03,507:INFO: Epoch 173/200
2024-12-02 19:11:31,334:INFO: - Train metrics: accuracy: 1.000 ; loss: 0.008
2024-12-02 19:11:37,366:INFO: - Eval metrics : accuracy: 0.997 ; loss: 0.009
2024-12-02 19:11:37,830:INFO: Epoch 174/200
2024-12-02 19:12:05,672:INFO: - Train metrics: accuracy: 1.000 ; loss: 0.008
2024-12-02 19:12:10,706:INFO: - Eval metrics : accuracy: 0.996 ; loss: 0.011
2024-12-02 19:12:11,459:INFO: Epoch 175/200
2024-12-02 19:12:39,257:INFO: - Train metrics: accuracy: 1.000 ; loss: 0.005
2024-12-02 19:12:45,240:INFO: - Eval metrics : accuracy: 0.998 ; loss: 0.007
2024-12-02 19:12:45,677:INFO: Epoch 176/200
2024-12-02 19:13:13,483:INFO: - Train metrics: accuracy: 0.992 ; loss: 0.014
2024-12-02 19:13:19,252:INFO: - Eval metrics : accuracy: 0.998 ; loss: 0.009
2024-12-02 19:13:20,037:INFO: Epoch 177/200
2024-12-02 19:13:47,935:INFO: - Train metrics: accuracy: 1.000 ; loss: 0.003
2024-12-02 19:13:53,910:INFO: - Eval metrics : accuracy: 0.996 ; loss: 0.011
2024-12-02 19:13:54,666:INFO: Epoch 178/200
2024-12-02 19:14:22,638:INFO: - Train metrics: accuracy: 0.984 ; loss: 0.066
2024-12-02 19:14:28,568:INFO: - Eval metrics : accuracy: 0.998 ; loss: 0.007
2024-12-02 19:14:29,173:INFO: Epoch 179/200
2024-12-02 19:14:56,959:INFO: - Train metrics: accuracy: 1.000 ; loss: 0.013
2024-12-02 19:15:02,793:INFO: - Eval metrics : accuracy: 0.995 ; loss: 0.013
2024-12-02 19:15:03,488:INFO: Epoch 180/200
2024-12-02 19:15:31,309:INFO: - Train metrics: accuracy: 1.000 ; loss: 0.004
2024-12-02 19:15:37,098:INFO: - Eval metrics : accuracy: 0.995 ; loss: 0.013
2024-12-02 19:15:37,820:INFO: Epoch 181/200
2024-12-02 19:16:05,752:INFO: - Train metrics: accuracy: 1.000 ; loss: 0.013
2024-12-02 19:16:11,529:INFO: - Eval metrics : accuracy: 0.997 ; loss: 0.009
2024-12-02 19:16:11,959:INFO: Epoch 182/200
2024-12-02 19:16:39,927:INFO: - Train metrics: accuracy: 0.984 ; loss: 0.031
2024-12-02 19:16:45,841:INFO: - Eval metrics : accuracy: 0.996 ; loss: 0.010
2024-12-02 19:16:46,310:INFO: Epoch 183/200
2024-12-02 19:17:14,076:INFO: - Train metrics: accuracy: 1.000 ; loss: 0.004
2024-12-02 19:17:19,905:INFO: - Eval metrics : accuracy: 0.995 ; loss: 0.015
2024-12-02 19:17:20,350:INFO: Epoch 184/200
2024-12-02 19:17:48,088:INFO: - Train metrics: accuracy: 0.992 ; loss: 0.010
2024-12-02 19:17:54,060:INFO: - Eval metrics : accuracy: 0.998 ; loss: 0.009
2024-12-02 19:17:54,568:INFO: Epoch 185/200
2024-12-02 19:18:22,475:INFO: - Train metrics: accuracy: 0.984 ; loss: 0.039
2024-12-02 19:18:28,390:INFO: - Eval metrics : accuracy: 0.996 ; loss: 0.008
2024-12-02 19:18:29,007:INFO: Epoch 186/200
2024-12-02 19:18:56,972:INFO: - Train metrics: accuracy: 0.977 ; loss: 0.035
2024-12-02 19:19:02,728:INFO: - Eval metrics : accuracy: 0.993 ; loss: 0.014
2024-12-02 19:19:03,157:INFO: Epoch 187/200
2024-12-02 19:19:31,340:INFO: - Train metrics: accuracy: 0.992 ; loss: 0.019
2024-12-02 19:19:37,235:INFO: - Eval metrics : accuracy: 0.996 ; loss: 0.011
2024-12-02 19:19:37,694:INFO: Epoch 188/200
2024-12-02 19:20:05,494:INFO: - Train metrics: accuracy: 0.992 ; loss: 0.029
2024-12-02 19:20:11,496:INFO: - Eval metrics : accuracy: 0.995 ; loss: 0.014
2024-12-02 19:20:11,955:INFO: Epoch 189/200
2024-12-02 19:20:39,885:INFO: - Train metrics: accuracy: 1.000 ; loss: 0.004
2024-12-02 19:20:45,644:INFO: - Eval metrics : accuracy: 0.998 ; loss: 0.007
2024-12-02 19:20:46,364:INFO: Epoch 190/200
2024-12-02 19:21:14,336:INFO: - Train metrics: accuracy: 0.969 ; loss: 0.070
2024-12-02 19:21:20,175:INFO: - Eval metrics : accuracy: 0.997 ; loss: 0.009
2024-12-02 19:21:20,770:INFO: Epoch 191/200
2024-12-02 19:21:48,553:INFO: - Train metrics: accuracy: 0.992 ; loss: 0.015
2024-12-02 19:21:54,388:INFO: - Eval metrics : accuracy: 0.995 ; loss: 0.014
2024-12-02 19:21:55,120:INFO: Epoch 192/200
2024-12-02 19:22:23,056:INFO: - Train metrics: accuracy: 0.984 ; loss: 0.022
2024-12-02 19:22:29,022:INFO: - Eval metrics : accuracy: 0.995 ; loss: 0.014
2024-12-02 19:22:29,677:INFO: Epoch 193/200
2024-12-02 19:22:57,658:INFO: - Train metrics: accuracy: 1.000 ; loss: 0.007
2024-12-02 19:23:03,480:INFO: - Eval metrics : accuracy: 0.998 ; loss: 0.009
2024-12-02 19:23:04,034:INFO: Epoch 194/200
2024-12-02 19:23:32,022:INFO: - Train metrics: accuracy: 0.992 ; loss: 0.010
2024-12-02 19:23:37,129:INFO: - Eval metrics : accuracy: 0.994 ; loss: 0.018
2024-12-02 19:23:37,794:INFO: Epoch 195/200
2024-12-02 19:24:05,741:INFO: - Train metrics: accuracy: 0.969 ; loss: 0.110
2024-12-02 19:24:11,728:INFO: - Eval metrics : accuracy: 0.998 ; loss: 0.006
2024-12-02 19:24:12,335:INFO: Epoch 196/200
2024-12-02 19:24:40,276:INFO: - Train metrics: accuracy: 0.984 ; loss: 0.027
2024-12-02 19:24:45,818:INFO: - Eval metrics : accuracy: 0.995 ; loss: 0.013
2024-12-02 19:24:46,446:INFO: Epoch 197/200
2024-12-02 19:25:14,404:INFO: - Train metrics: accuracy: 0.984 ; loss: 0.023
2024-12-02 19:25:20,000:INFO: - Eval metrics : accuracy: 0.997 ; loss: 0.011
2024-12-02 19:25:20,447:INFO: Epoch 198/200
2024-12-02 19:25:48,116:INFO: - Train metrics: accuracy: 1.000 ; loss: 0.005
2024-12-02 19:25:53,742:INFO: - Eval metrics : accuracy: 0.995 ; loss: 0.015
2024-12-02 19:25:54,457:INFO: Epoch 199/200
2024-12-02 19:26:22,438:INFO: - Train metrics: accuracy: 1.000 ; loss: 0.013
2024-12-02 19:26:28,432:INFO: - Eval metrics : accuracy: 0.997 ; loss: 0.009
2024-12-02 19:26:28,859:INFO: Epoch 200/200
2024-12-02 19:26:56,628:INFO: - Train metrics: accuracy: 0.992 ; loss: 0.041
2024-12-02 19:27:02,589:INFO: - Eval metrics : accuracy: 0.997 ; loss: 0.009
